<?xml version="1.0" encoding="UTF-8"?>
<!-- Generated by org.testng.reporters.JUnitXMLReporter -->
<testsuite hostname="LAPTOP-JG1BHBJI" name="Report2" tests="4" failures="0" timestamp="8 Sep 2022 04:51:44 GMT" time="22.626" errors="0">
  <testcase name="time" time="5.839" classname="sep7.Firstclass_1"/>
  <testcase name="leave" time="5.717" classname="sep7.Firstclass_1"/>
  <testcase name="recruit" time="5.487" classname="sep7.Firstclass_1"/>
  <testcase name="admin" time="5.552" classname="sep7.Firstclass_1"/>
</testsuite> <!-- Report2 -->
