<?xml version="1.0" encoding="UTF-8"?>
<!-- Generated by org.testng.reporters.JUnitXMLReporter -->
<testsuite hostname="LAPTOP-JG1BHBJI" name="Reports" tests="7" failures="0" timestamp="8 Sep 2022 04:23:14 GMT" time="118.078" errors="0">
  <testcase name="time" time="14.372" classname="sep7.Firstclass_1"/>
  <testcase name="leave" time="7.322" classname="sep7.Firstclass_1"/>
  <testcase name="recruit" time="5.906" classname="sep7.Firstclass_1"/>
  <testcase name="admin" time="6.791" classname="sep7.Firstclass_1"/>
  <testcase name="addition" time="1.084" classname="sep7.Firstclass"/>
  <testcase name="division" time="1.272" classname="sep7.Firstclass"/>
  <testcase name="multiply" time="0.381" classname="sep7.Firstclass"/>
</testsuite> <!-- Reports -->
